[0219/191806.317:ERROR:process_memory_win.cc(73)] ReadMemory at 0x7ff719200000 of 64 bytes failed: Only part of a ReadProcessMemory or WriteProcessMemory request was completed. (0x12B)
[0219/191806.348:WARNING:pe_image_reader.cc(340)] could not read dos header from C:\Program Files (x86)\Google\Chrome\Application\chrome.exe
[0219/191806.348:ERROR:process_memory_win.cc(73)] ReadMemory at 0x7ff83f000000 of 64 bytes failed: Only part of a ReadProcessMemory or WriteProcessMemory request was completed. (0x12B)
[0219/191806.348:WARNING:pe_image_reader.cc(340)] could not read dos header from C:\Windows\SYSTEM32\ntdll.dll
[0219/191806.348:ERROR:process_memory_win.cc(73)] ReadMemory at 0x7ff83c770000 of 64 bytes failed: Only part of a ReadProcessMemory or WriteProcessMemory request was completed. (0x12B)
[0219/191806.349:WARNING:pe_image_reader.cc(340)] could not read dos header from C:\Windows\System32\KERNEL32.DLL
[0219/191806.349:ERROR:process_memory_win.cc(73)] ReadMemory at 0x7ff83bdb0000 of 64 bytes failed: Only part of a ReadProcessMemory or WriteProcessMemory request was completed. (0x12B)
[0219/191806.349:WARNING:pe_image_reader.cc(340)] could not read dos header from C:\Windows\System32\KERNELBASE.dll
[0219/191806.349:ERROR:process_memory_win.cc(73)] ReadMemory at 0x7ff80a0b0000 of 64 bytes failed: Only part of a ReadProcessMemory or WriteProcessMemory request was completed. (0x12B)
[0219/191806.349:WARNING:pe_image_reader.cc(340)] could not read dos header from C:\Program Files (x86)\Google\Chrome\Application\79.0.3945.130\chrome_elf.dll
[0219/191806.349:ERROR:process_memory_win.cc(73)] ReadMemory at 0x7ff82af00000 of 64 bytes failed: Only part of a ReadProcessMemory or WriteProcessMemory request was completed. (0x12B)
[0219/191806.349:WARNING:pe_image_reader.cc(340)] could not read dos header from C:\Windows\SYSTEM32\VERSION.dll
[0219/191806.349:ERROR:process_memory_win.cc(73)] ReadMemory at 0x7ff83c520000 of 64 bytes failed: Only part of a ReadProcessMemory or WriteProcessMemory request was completed. (0x12B)
[0219/191806.349:WARNING:pe_image_reader.cc(340)] could not read dos header from C:\Windows\System32\msvcrt.dll
[0219/191806.349:ERROR:process_memory_win.cc(73)] ReadMemory at 0x7ff83c0a0000 of 64 bytes failed: Only part of a ReadProcessMemory or WriteProcessMemory request was completed. (0x12B)
[0219/191806.349:WARNING:pe_image_reader.cc(340)] could not read dos header from C:\Windows\System32\bcryptPrimitives.dll
[0219/191806.349:ERROR:process_memory_win.cc(73)] ReadMemory at 0x7ff83e9a0000 of 64 bytes failed: Only part of a ReadProcessMemory or WriteProcessMemory request was completed. (0x12B)
[0219/191806.349:WARNING:pe_image_reader.cc(340)] could not read dos header from C:\Windows\System32\ADVAPI32.dll
[0219/191806.350:ERROR:process_memory_win.cc(73)] ReadMemory at 0x7ff83ef30000 of 64 bytes failed: Only part of a ReadProcessMemory or WriteProcessMemory request was completed. (0x12B)
[0219/191806.350:WARNING:pe_image_reader.cc(340)] could not read dos header from C:\Windows\System32\sechost.dll
[0219/191806.350:ERROR:process_memory_win.cc(73)] ReadMemory at 0x7ff83ca10000 of 64 bytes failed: Only part of a ReadProcessMemory or WriteProcessMemory request was completed. (0x12B)
[0219/191806.350:WARNING:pe_image_reader.cc(340)] could not read dos header from C:\Windows\System32\RPCRT4.dll
[0219/191806.350:ERROR:process_memory_win.cc(73)] ReadMemory at 0x7fffd48c0000 of 64 bytes failed: Only part of a ReadProcessMemory or WriteProcessMemory request was completed. (0x12B)
[0219/191806.350:WARNING:pe_image_reader.cc(340)] could not read dos header from C:\Program Files (x86)\Google\Chrome\Application\79.0.3945.130\chrome_child.dll
[0219/191806.350:ERROR:process_memory_win.cc(73)] ReadMemory at 0x7ff83c310000 of 64 bytes failed: Only part of a ReadProcessMemory or WriteProcessMemory request was completed. (0x12B)
[0219/191806.350:WARNING:pe_image_reader.cc(340)] could not read dos header from C:\Windows\System32\OLEAUT32.dll
[0219/191806.350:ERROR:process_memory_win.cc(73)] ReadMemory at 0x7ff83b330000 of 64 bytes failed: Only part of a ReadProcessMemory or WriteProcessMemory request was completed. (0x12B)
[0219/191806.350:WARNING:pe_image_reader.cc(340)] could not read dos header from C:\Windows\System32\msvcp_win.dll
[0219/191806.350:ERROR:process_memory_win.cc(73)] ReadMemory at 0x7ff83c120000 of 64 bytes failed: Only part of a ReadProcessMemory or WriteProcessMemory request was completed. (0x12B)
[0219/191806.350:WARNING:pe_image_reader.cc(340)] could not read dos header from C:\Windows\System32\ucrtbase.dll
[0219/191806.350:ERROR:process_memory_win.cc(73)] ReadMemory at 0x7ff83cb40000 of 64 bytes failed: Only part of a ReadProcessMemory or WriteProcessMemory request was completed. (0x12B)
[0219/191806.350:WARNING:pe_image_reader.cc(340)] could not read dos header from C:\Windows\System32\combase.dll
[0219/191806.350:ERROR:process_memory_win.cc(73)] ReadMemory at 0x7ff83d1a0000 of 64 bytes failed: Only part of a ReadProcessMemory or WriteProcessMemory request was completed. (0x12B)
[0219/191806.350:WARNING:pe_image_reader.cc(340)] could not read dos header from C:\Windows\System32\WS2_32.dll
[0219/191806.351:ERROR:process_memory_win.cc(73)] ReadMemory at 0x7ff83bb20000 of 64 bytes failed: Only part of a ReadProcessMemory or WriteProcessMemory request was completed. (0x12B)
[0219/191806.351:WARNING:pe_image_reader.cc(340)] could not read dos header from C:\Windows\System32\WINTRUST.dll
[0219/191806.351:ERROR:process_memory_win.cc(73)] ReadMemory at 0x7ff83b070000 of 64 bytes failed: Only part of a ReadProcessMemory or WriteProcessMemory request was completed. (0x12B)
[0219/191806.351:WARNING:pe_image_reader.cc(340)] could not read dos header from C:\Windows\System32\MSASN1.dll
[0219/191806.351:ERROR:process_memory_win.cc(73)] ReadMemory at 0x7ff83bb80000 of 64 bytes failed: Only part of a ReadProcessMemory or WriteProcessMemory request was completed. (0x12B)
[0219/191806.351:WARNING:pe_image_reader.cc(340)] could not read dos header from C:\Windows\System32\CRYPT32.dll
[0219/191806.351:ERROR:process_memory_win.cc(73)] ReadMemory at 0x7ff83a520000 of 64 bytes failed: Only part of a ReadProcessMemory or WriteProcessMemory request was completed. (0x12B)
[0219/191806.351:WARNING:pe_image_reader.cc(340)] could not read dos header from C:\Windows\SYSTEM32\IPHLPAPI.DLL
[0219/191806.351:ERROR:process_memory_win.cc(73)] ReadMemory at 0x7ff8375c0000 of 64 bytes failed: Only part of a ReadProcessMemory or WriteProcessMemory request was completed. (0x12B)
[0219/191806.351:WARNING:pe_image_reader.cc(340)] could not read dos header from C:\Windows\SYSTEM32\WINMM.dll
[0219/191806.351:ERROR:process_memory_win.cc(73)] ReadMemory at 0x7ff83aef0000 of 64 bytes failed: Only part of a ReadProcessMemory or WriteProcessMemory request was completed. (0x12B)
[0219/191806.351:WARNING:pe_image_reader.cc(340)] could not read dos header from C:\Windows\SYSTEM32\USERENV.dll
[0219/191806.351:ERROR:process_memory_win.cc(73)] ReadMemory at 0x7ff83b090000 of 64 bytes failed: Only part of a ReadProcessMemory or WriteProcessMemory request was completed. (0x12B)
[0219/191806.351:WARNING:pe_image_reader.cc(340)] could not read dos header from C:\Windows\System32\profapi.dll
[0219/191806.351:ERROR:process_memory_win.cc(73)] ReadMemory at 0x7ff832d00000 of 64 bytes failed: Only part of a ReadProcessMemory or WriteProcessMemory request was completed. (0x12B)
[0219/191806.351:WARNING:pe_image_reader.cc(340)] could not read dos header from C:\Windows\SYSTEM32\DWrite.dll
[0219/191806.351:ERROR:process_memory_win.cc(73)] ReadMemory at 0x7ff835dd0000 of 64 bytes failed: Only part of a ReadProcessMemory or WriteProcessMemory request was completed. (0x12B)
[0219/191806.351:WARNING:pe_image_reader.cc(340)] could not read dos header from C:\Windows\SYSTEM32\WINSPOOL.DRV
[0219/191806.351:ERROR:process_memory_win.cc(73)] ReadMemory at 0x7ff83b050000 of 64 bytes failed: Only part of a ReadProcessMemory or WriteProcessMemory request was completed. (0x12B)
[0219/191806.351:WARNING:pe_image_reader.cc(340)] could not read dos header from C:\Windows\System32\kernel.appcore.dll
[0219/191806.352:ERROR:process_memory_win.cc(73)] ReadMemory at 0x7ff83c070000 of 64 bytes failed: Only part of a ReadProcessMemory or WriteProcessMemory request was completed. (0x12B)
[0219/191806.352:WARNING:pe_image_reader.cc(340)] could not read dos header from C:\Windows\System32\bcrypt.dll
[0219/191806.352:ERROR:process_memory_win.cc(73)] ReadMemory at 0x7ff82b570000 of 64 bytes failed: Only part of a ReadProcessMemory or WriteProcessMemory request was completed. (0x12B)
[0219/191806.352:WARNING:pe_image_reader.cc(340)] could not read dos header from C:\Windows\SYSTEM32\dbghelp.dll
[0219/191806.352:ERROR:process_memory_win.cc(73)] ReadMemory at 0x7ff82b510000 of 64 bytes failed: Only part of a ReadProcessMemory or WriteProcessMemory request was completed. (0x12B)
[0219/191806.352:WARNING:pe_image_reader.cc(340)] could not read dos header from C:\Windows\SYSTEM32\Secur32.dll
[0219/191806.352:ERROR:process_memory_win.cc(73)] ReadMemory at 0x7ff838c40000 of 64 bytes failed: Only part of a ReadProcessMemory or WriteProcessMemory request was completed. (0x12B)
[0219/191806.352:WARNING:pe_image_reader.cc(340)] could not read dos header from C:\Windows\SYSTEM32\WINHTTP.dll
[0219/191806.352:ERROR:process_memory_win.cc(73)] ReadMemory at 0x7ff834700000 of 64 bytes failed: Only part of a ReadProcessMemory or WriteProcessMemory request was completed. (0x12B)
[0219/191806.352:WARNING:pe_image_reader.cc(340)] could not read dos header from C:\Windows\SYSTEM32\dhcpcsvc.DLL
[0219/191806.352:ERROR:process_memory_win.cc(73)] ReadMemory at 0x7ff83e790000 of 64 bytes failed: Only part of a ReadProcessMemory or WriteProcessMemory request was completed. (0x12B)
[0219/191806.352:WARNING:pe_image_reader.cc(340)] could not read dos header from C:\Windows\System32\NSI.dll
[0219/191806.352:ERROR:process_memory_win.cc(73)] ReadMemory at 0x7ff837590000 of 64 bytes failed: Only part of a ReadProcessMemory or WriteProcessMemory request was completed. (0x12B)
[0219/191806.352:WARNING:pe_image_reader.cc(340)] could not read dos header from C:\Windows\SYSTEM32\WINMMBASE.dll
[0219/191806.352:ERROR:process_memory_win.cc(73)] ReadMemory at 0x7ff83bd60000 of 64 bytes failed: Only part of a ReadProcessMemory or WriteProcessMemory request was completed. (0x12B)
[0219/191806.352:WARNING:pe_image_reader.cc(340)] could not read dos header from C:\Windows\System32\cfgmgr32.dll
[0219/191806.352:ERROR:process_memory_win.cc(73)] ReadMemory at 0x7ff838ee0000 of 64 bytes failed: Only part of a ReadProcessMemory or WriteProcessMemory request was completed. (0x12B)
[0219/191806.352:WARNING:pe_image_reader.cc(340)] could not read dos header from C:\Windows\SYSTEM32\PROPSYS.dll
[0219/191806.352:ERROR:process_memory_win.cc(73)] ReadMemory at 0x7ff83c260000 of 64 bytes failed: Only part of a ReadProcessMemory or WriteProcessMemory request was completed. (0x12B)
[0219/191806.352:WARNING:pe_image_reader.cc(340)] could not read dos header from C:\Windows\System32\shcore.dll
[0219/191806.352:ERROR:process_memory_win.cc(73)] ReadMemory at 0x7ff83af20000 of 64 bytes failed: Only part of a ReadProcessMemory or WriteProcessMemory request was completed. (0x12B)
[0219/191806.352:WARNING:pe_image_reader.cc(340)] could not read dos header from C:\Windows\SYSTEM32\SSPICLI.DLL
[0219/191806.352:ERROR:process_memory_win.cc(73)] ReadMemory at 0x7ff83a9d0000 of 64 bytes failed: Only part of a ReadProcessMemory or WriteProcessMemory request was completed. (0x12B)
[0219/191806.352:WARNING:pe_image_reader.cc(340)] could not read dos header from C:\Windows\SYSTEM32\CRYPTBASE.DLL
[0219/191806.352:ERROR:process_memory_win.cc(73)] ReadMemory at 0x7ff719200000 of 64 bytes failed: Only part of a ReadProcessMemory or WriteProcessMemory request was completed. (0x12B)
[0219/191806.352:WARNING:pe_image_reader.cc(340)] could not read dos header from C:\Program Files (x86)\Google\Chrome\Application\chrome.exe
[0219/191806.352:ERROR:process_memory_win.cc(73)] ReadMemory at 0x7ff83f000000 of 64 bytes failed: Only part of a ReadProcessMemory or WriteProcessMemory request was completed. (0x12B)
[0219/191806.352:WARNING:pe_image_reader.cc(340)] could not read dos header from C:\Windows\SYSTEM32\ntdll.dll
[0219/191806.352:ERROR:process_memory_win.cc(73)] ReadMemory at 0x7ff83c770000 of 64 bytes failed: Only part of a ReadProcessMemory or WriteProcessMemory request was completed. (0x12B)
[0219/191806.353:WARNING:pe_image_reader.cc(340)] could not read dos header from C:\Windows\System32\KERNEL32.DLL
[0219/191806.353:ERROR:process_memory_win.cc(73)] ReadMemory at 0x7ff83bdb0000 of 64 bytes failed: Only part of a ReadProcessMemory or WriteProcessMemory request was completed. (0x12B)
[0219/191806.353:WARNING:pe_image_reader.cc(340)] could not read dos header from C:\Windows\System32\KERNELBASE.dll
[0219/191806.353:ERROR:process_memory_win.cc(73)] ReadMemory at 0x7ff80a0b0000 of 64 bytes failed: Only part of a ReadProcessMemory or WriteProcessMemory request was completed. (0x12B)
[0219/191806.353:WARNING:pe_image_reader.cc(340)] could not read dos header from C:\Program Files (x86)\Google\Chrome\Application\79.0.3945.130\chrome_elf.dll
[0219/191806.353:ERROR:process_memory_win.cc(73)] ReadMemory at 0x7ff82af00000 of 64 bytes failed: Only part of a ReadProcessMemory or WriteProcessMemory request was completed. (0x12B)
[0219/191806.353:WARNING:pe_image_reader.cc(340)] could not read dos header from C:\Windows\SYSTEM32\VERSION.dll
[0219/191806.353:ERROR:process_memory_win.cc(73)] ReadMemory at 0x7ff83c520000 of 64 bytes failed: Only part of a ReadProcessMemory or WriteProcessMemory request was completed. (0x12B)
[0219/191806.353:WARNING:pe_image_reader.cc(340)] could not read dos header from C:\Windows\System32\msvcrt.dll
[0219/191806.353:ERROR:process_memory_win.cc(73)] ReadMemory at 0x7ff83c0a0000 of 64 bytes failed: Only part of a ReadProcessMemory or WriteProcessMemory request was completed. (0x12B)
[0219/191806.353:WARNING:pe_image_reader.cc(340)] could not read dos header from C:\Windows\System32\bcryptPrimitives.dll
[0219/191806.353:ERROR:process_memory_win.cc(73)] ReadMemory at 0x7ff83e9a0000 of 64 bytes failed: Only part of a ReadProcessMemory or WriteProcessMemory request was completed. (0x12B)
[0219/191806.353:WARNING:pe_image_reader.cc(340)] could not read dos header from C:\Windows\System32\ADVAPI32.dll
[0219/191806.353:ERROR:process_memory_win.cc(73)] ReadMemory at 0x7ff83ef30000 of 64 bytes failed: Only part of a ReadProcessMemory or WriteProcessMemory request was completed. (0x12B)
[0219/191806.353:WARNING:pe_image_reader.cc(340)] could not read dos header from C:\Windows\System32\sechost.dll
[0219/191806.353:ERROR:process_memory_win.cc(73)] ReadMemory at 0x7ff83ca10000 of 64 bytes failed: Only part of a ReadProcessMemory or WriteProcessMemory request was completed. (0x12B)
[0219/191806.353:WARNING:pe_image_reader.cc(340)] could not read dos header from C:\Windows\System32\RPCRT4.dll
[0219/191806.353:ERROR:process_memory_win.cc(73)] ReadMemory at 0x7fffd48c0000 of 64 bytes failed: Only part of a ReadProcessMemory or WriteProcessMemory request was completed. (0x12B)
[0219/191806.353:WARNING:pe_image_reader.cc(340)] could not read dos header from C:\Program Files (x86)\Google\Chrome\Application\79.0.3945.130\chrome_child.dll
[0219/191806.353:ERROR:process_memory_win.cc(73)] ReadMemory at 0x7ff83c310000 of 64 bytes failed: Only part of a ReadProcessMemory or WriteProcessMemory request was completed. (0x12B)
[0219/191806.353:WARNING:pe_image_reader.cc(340)] could not read dos header from C:\Windows\System32\OLEAUT32.dll
[0219/191806.353:ERROR:process_memory_win.cc(73)] ReadMemory at 0x7ff83b330000 of 64 bytes failed: Only part of a ReadProcessMemory or WriteProcessMemory request was completed. (0x12B)
[0219/191806.353:WARNING:pe_image_reader.cc(340)] could not read dos header from C:\Windows\System32\msvcp_win.dll
[0219/191806.353:ERROR:process_memory_win.cc(73)] ReadMemory at 0x7ff83c120000 of 64 bytes failed: Only part of a ReadProcessMemory or WriteProcessMemory request was completed. (0x12B)
[0219/191806.353:WARNING:pe_image_reader.cc(340)] could not read dos header from C:\Windows\System32\ucrtbase.dll
[0219/191806.353:ERROR:process_memory_win.cc(73)] ReadMemory at 0x7ff83cb40000 of 64 bytes failed: Only part of a ReadProcessMemory or WriteProcessMemory request was completed. (0x12B)
[0219/191806.353:WARNING:pe_image_reader.cc(340)] could not read dos header from C:\Windows\System32\combase.dll
[0219/191806.353:ERROR:process_memory_win.cc(73)] ReadMemory at 0x7ff83d1a0000 of 64 bytes failed: Only part of a ReadProcessMemory or WriteProcessMemory request was completed. (0x12B)
[0219/191806.353:WARNING:pe_image_reader.cc(340)] could not read dos header from C:\Windows\System32\WS2_32.dll
[0219/191806.353:ERROR:process_memory_win.cc(73)] ReadMemory at 0x7ff83bb20000 of 64 bytes failed: Only part of a ReadProcessMemory or WriteProcessMemory request was completed. (0x12B)
[0219/191806.353:WARNING:pe_image_reader.cc(340)] could not read dos header from C:\Windows\System32\WINTRUST.dll
[0219/191806.353:ERROR:process_memory_win.cc(73)] ReadMemory at 0x7ff83b070000 of 64 bytes failed: Only part of a ReadProcessMemory or WriteProcessMemory request was completed. (0x12B)
[0219/191806.354:WARNING:pe_image_reader.cc(340)] could not read dos header from C:\Windows\System32\MSASN1.dll
[0219/191806.354:ERROR:process_memory_win.cc(73)] ReadMemory at 0x7ff83bb80000 of 64 bytes failed: Only part of a ReadProcessMemory or WriteProcessMemory request was completed. (0x12B)
[0219/191806.354:WARNING:pe_image_reader.cc(340)] could not read dos header from C:\Windows\System32\CRYPT32.dll
[0219/191806.354:ERROR:process_memory_win.cc(73)] ReadMemory at 0x7ff83a520000 of 64 bytes failed: Only part of a ReadProcessMemory or WriteProcessMemory request was completed. (0x12B)
[0219/191806.354:WARNING:pe_image_reader.cc(340)] could not read dos header from C:\Windows\SYSTEM32\IPHLPAPI.DLL
[0219/191806.354:ERROR:process_memory_win.cc(73)] ReadMemory at 0x7ff8375c0000 of 64 bytes failed: Only part of a ReadProcessMemory or WriteProcessMemory request was completed. (0x12B)
[0219/191806.354:WARNING:pe_image_reader.cc(340)] could not read dos header from C:\Windows\SYSTEM32\WINMM.dll
[0219/191806.354:ERROR:process_memory_win.cc(73)] ReadMemory at 0x7ff83aef0000 of 64 bytes failed: Only part of a ReadProcessMemory or WriteProcessMemory request was completed. (0x12B)
[0219/191806.354:WARNING:pe_image_reader.cc(340)] could not read dos header from C:\Windows\SYSTEM32\USERENV.dll
[0219/191806.354:ERROR:process_memory_win.cc(73)] ReadMemory at 0x7ff83b090000 of 64 bytes failed: Only part of a ReadProcessMemory or WriteProcessMemory request was completed. (0x12B)
[0219/191806.354:WARNING:pe_image_reader.cc(340)] could not read dos header from C:\Windows\System32\profapi.dll
[0219/191806.354:ERROR:process_memory_win.cc(73)] ReadMemory at 0x7ff832d00000 of 64 bytes failed: Only part of a ReadProcessMemory or WriteProcessMemory request was completed. (0x12B)
[0219/191806.354:WARNING:pe_image_reader.cc(340)] could not read dos header from C:\Windows\SYSTEM32\DWrite.dll
[0219/191806.354:ERROR:process_memory_win.cc(73)] ReadMemory at 0x7ff835dd0000 of 64 bytes failed: Only part of a ReadProcessMemory or WriteProcessMemory request was completed. (0x12B)
[0219/191806.354:WARNING:pe_image_reader.cc(340)] could not read dos header from C:\Windows\SYSTEM32\WINSPOOL.DRV
[0219/191806.354:ERROR:process_memory_win.cc(73)] ReadMemory at 0x7ff83b050000 of 64 bytes failed: Only part of a ReadProcessMemory or WriteProcessMemory request was completed. (0x12B)
[0219/191806.354:WARNING:pe_image_reader.cc(340)] could not read dos header from C:\Windows\System32\kernel.appcore.dll
[0219/191806.354:ERROR:process_memory_win.cc(73)] ReadMemory at 0x7ff83c070000 of 64 bytes failed: Only part of a ReadProcessMemory or WriteProcessMemory request was completed. (0x12B)
[0219/191806.354:WARNING:pe_image_reader.cc(340)] could not read dos header from C:\Windows\System32\bcrypt.dll
[0219/191806.354:ERROR:process_memory_win.cc(73)] ReadMemory at 0x7ff82b570000 of 64 bytes failed: Only part of a ReadProcessMemory or WriteProcessMemory request was completed. (0x12B)
[0219/191806.354:WARNING:pe_image_reader.cc(340)] could not read dos header from C:\Windows\SYSTEM32\dbghelp.dll
[0219/191806.354:ERROR:process_memory_win.cc(73)] ReadMemory at 0x7ff82b510000 of 64 bytes failed: Only part of a ReadProcessMemory or WriteProcessMemory request was completed. (0x12B)
[0219/191806.354:WARNING:pe_image_reader.cc(340)] could not read dos header from C:\Windows\SYSTEM32\Secur32.dll
[0219/191806.354:ERROR:process_memory_win.cc(73)] ReadMemory at 0x7ff838c40000 of 64 bytes failed: Only part of a ReadProcessMemory or WriteProcessMemory request was completed. (0x12B)
[0219/191806.354:WARNING:pe_image_reader.cc(340)] could not read dos header from C:\Windows\SYSTEM32\WINHTTP.dll
[0219/191806.354:ERROR:process_memory_win.cc(73)] ReadMemory at 0x7ff834700000 of 64 bytes failed: Only part of a ReadProcessMemory or WriteProcessMemory request was completed. (0x12B)
[0219/191806.354:WARNING:pe_image_reader.cc(340)] could not read dos header from C:\Windows\SYSTEM32\dhcpcsvc.DLL
[0219/191806.354:ERROR:process_memory_win.cc(73)] ReadMemory at 0x7ff83e790000 of 64 bytes failed: Only part of a ReadProcessMemory or WriteProcessMemory request was completed. (0x12B)
[0219/191806.354:WARNING:pe_image_reader.cc(340)] could not read dos header from C:\Windows\System32\NSI.dll
[0219/191806.355:ERROR:process_memory_win.cc(73)] ReadMemory at 0x7ff837590000 of 64 bytes failed: Only part of a ReadProcessMemory or WriteProcessMemory request was completed. (0x12B)
[0219/191806.355:WARNING:pe_image_reader.cc(340)] could not read dos header from C:\Windows\SYSTEM32\WINMMBASE.dll
[0219/191806.355:ERROR:process_memory_win.cc(73)] ReadMemory at 0x7ff83bd60000 of 64 bytes failed: Only part of a ReadProcessMemory or WriteProcessMemory request was completed. (0x12B)
[0219/191806.355:WARNING:pe_image_reader.cc(340)] could not read dos header from C:\Windows\System32\cfgmgr32.dll
[0219/191806.355:ERROR:process_memory_win.cc(73)] ReadMemory at 0x7ff838ee0000 of 64 bytes failed: Only part of a ReadProcessMemory or WriteProcessMemory request was completed. (0x12B)
[0219/191806.355:WARNING:pe_image_reader.cc(340)] could not read dos header from C:\Windows\SYSTEM32\PROPSYS.dll
[0219/191806.355:ERROR:process_memory_win.cc(73)] ReadMemory at 0x7ff83c260000 of 64 bytes failed: Only part of a ReadProcessMemory or WriteProcessMemory request was completed. (0x12B)
[0219/191806.355:WARNING:pe_image_reader.cc(340)] could not read dos header from C:\Windows\System32\shcore.dll
[0219/191806.355:ERROR:process_memory_win.cc(73)] ReadMemory at 0x7ff83af20000 of 64 bytes failed: Only part of a ReadProcessMemory or WriteProcessMemory request was completed. (0x12B)
[0219/191806.355:WARNING:pe_image_reader.cc(340)] could not read dos header from C:\Windows\SYSTEM32\SSPICLI.DLL
[0219/191806.355:ERROR:process_memory_win.cc(73)] ReadMemory at 0x7ff83a9d0000 of 64 bytes failed: Only part of a ReadProcessMemory or WriteProcessMemory request was completed. (0x12B)
[0219/191806.355:WARNING:pe_image_reader.cc(340)] could not read dos header from C:\Windows\SYSTEM32\CRYPTBASE.DLL
[0219/191806.376:ERROR:process_memory_win.cc(73)] ReadMemory at 0x76777e7000 of 102400 bytes failed: Only part of a ReadProcessMemory or WriteProcessMemory request was completed. (0x12B)
[0219/191806.377:ERROR:process_memory_win.cc(73)] ReadMemory at 0x7677ffd000 of 12288 bytes failed: Only part of a ReadProcessMemory or WriteProcessMemory request was completed. (0x12B)
[0219/191806.377:ERROR:process_memory_win.cc(73)] ReadMemory at 0x76787fc000 of 16384 bytes failed: Only part of a ReadProcessMemory or WriteProcessMemory request was completed. (0x12B)
[0219/191806.378:ERROR:process_memory_win.cc(73)] ReadMemory at 0x7678ffc000 of 16384 bytes failed: Only part of a ReadProcessMemory or WriteProcessMemory request was completed. (0x12B)
[0219/191806.378:ERROR:process_memory_win.cc(73)] ReadMemory at 0x76797fc000 of 16384 bytes failed: Only part of a ReadProcessMemory or WriteProcessMemory request was completed. (0x12B)
[0219/191806.379:ERROR:process_memory_win.cc(73)] ReadMemory at 0x7679fff000 of 4096 bytes failed: Only part of a ReadProcessMemory or WriteProcessMemory request was completed. (0x12B)
[0219/191806.379:ERROR:process_memory_win.cc(73)] ReadMemory at 0x767a7fd000 of 12288 bytes failed: Only part of a ReadProcessMemory or WriteProcessMemory request was completed. (0x12B)
[0219/191806.379:ERROR:process_memory_win.cc(73)] ReadMemory at 0x767affb000 of 20480 bytes failed: Only part of a ReadProcessMemory or WriteProcessMemory request was completed. (0x12B)
[0219/191806.379:ERROR:process_memory_win.cc(73)] ReadMemory at 0x767b7fd000 of 12288 bytes failed: Only part of a ReadProcessMemory or WriteProcessMemory request was completed. (0x12B)
[0219/191806.379:ERROR:process_memory_win.cc(73)] ReadMemory at 0x767bffd000 of 12288 bytes failed: Only part of a ReadProcessMemory or WriteProcessMemory request was completed. (0x12B)
[0219/191806.380:ERROR:process_memory_win.cc(73)] ReadMemory at 0x767c7f7000 of 36864 bytes failed: Only part of a ReadProcessMemory or WriteProcessMemory request was completed. (0x12B)
[0219/191806.380:ERROR:process_memory_win.cc(73)] ReadMemory at 0x767cffd000 of 12288 bytes failed: Only part of a ReadProcessMemory or WriteProcessMemory request was completed. (0x12B)
[0219/191806.381:ERROR:process_memory_win.cc(73)] ReadMemory at 0x767d7fc000 of 16384 bytes failed: Only part of a ReadProcessMemory or WriteProcessMemory request was completed. (0x12B)
[0219/191806.381:ERROR:process_memory_win.cc(73)] ReadMemory at 0x767dffd000 of 12288 bytes failed: Only part of a ReadProcessMemory or WriteProcessMemory request was completed. (0x12B)
[0219/191806.381:ERROR:process_memory_win.cc(73)] ReadMemory at 0x7676f71000 of 852 bytes failed: Only part of a ReadProcessMemory or WriteProcessMemory request was completed. (0x12B)
[0219/191806.381:ERROR:process_memory_win.cc(73)] ReadMemory at 0x7676f72000 of 6024 bytes failed: Only part of a ReadProcessMemory or WriteProcessMemory request was completed. (0x12B)
[0219/191806.381:ERROR:process_memory_win.cc(73)] ReadMemory at 0x7676f74000 of 6024 bytes failed: Only part of a ReadProcessMemory or WriteProcessMemory request was completed. (0x12B)
[0219/191806.382:ERROR:process_memory_win.cc(73)] ReadMemory at 0x7676f76000 of 6024 bytes failed: Only part of a ReadProcessMemory or WriteProcessMemory request was completed. (0x12B)
[0219/191806.382:ERROR:process_memory_win.cc(73)] ReadMemory at 0x7676f78000 of 6024 bytes failed: Only part of a ReadProcessMemory or WriteProcessMemory request was completed. (0x12B)
[0219/191806.382:ERROR:process_memory_win.cc(73)] ReadMemory at 0x7676f7a000 of 6024 bytes failed: Only part of a ReadProcessMemory or WriteProcessMemory request was completed. (0x12B)
[0219/191806.382:ERROR:process_memory_win.cc(73)] ReadMemory at 0x7676f7c000 of 6024 bytes failed: Only part of a ReadProcessMemory or WriteProcessMemory request was completed. (0x12B)
[0219/191806.383:ERROR:process_memory_win.cc(73)] ReadMemory at 0x7676f7e000 of 6024 bytes failed: Only part of a ReadProcessMemory or WriteProcessMemory request was completed. (0x12B)
[0219/191806.383:ERROR:process_memory_win.cc(73)] ReadMemory at 0x7676f80000 of 6024 bytes failed: Only part of a ReadProcessMemory or WriteProcessMemory request was completed. (0x12B)
[0219/191806.383:ERROR:process_memory_win.cc(73)] ReadMemory at 0x7676f82000 of 6024 bytes failed: Only part of a ReadProcessMemory or WriteProcessMemory request was completed. (0x12B)
[0219/191806.383:ERROR:process_memory_win.cc(73)] ReadMemory at 0x7676f84000 of 6024 bytes failed: Only part of a ReadProcessMemory or WriteProcessMemory request was completed. (0x12B)
[0219/191806.383:ERROR:process_memory_win.cc(73)] ReadMemory at 0x7676f86000 of 6024 bytes failed: Only part of a ReadProcessMemory or WriteProcessMemory request was completed. (0x12B)
[0219/191806.383:ERROR:process_memory_win.cc(73)] ReadMemory at 0x7676f88000 of 6024 bytes failed: Only part of a ReadProcessMemory or WriteProcessMemory request was completed. (0x12B)
[0219/191806.383:ERROR:process_memory_win.cc(73)] ReadMemory at 0x7676f8a000 of 6024 bytes failed: Only part of a ReadProcessMemory or WriteProcessMemory request was completed. (0x12B)
[0219/191806.383:ERROR:process_memory_win.cc(73)] ReadMemory at 0x7676f8c000 of 6024 bytes failed: Only part of a ReadProcessMemory or WriteProcessMemory request was completed. (0x12B)
[0219/191806.383:ERROR:process_memory_win.cc(73)] ReadMemory at 0x186d43c0fe0 of 5076 bytes failed: Only part of a ReadProcessMemory or WriteProcessMemory request was completed. (0x12B)
[0219/191806.384:ERROR:process_memory_win.cc(73)] ReadMemory at 0x186d43c23c0 of 1012 bytes failed: Only part of a ReadProcessMemory or WriteProcessMemory request was completed. (0x12B)
[0219/191806.384:ERROR:process_memory_win.cc(73)] ReadMemory at 0x186d43c29e8 of 118 bytes failed: Only part of a ReadProcessMemory or WriteProcessMemory request was completed. (0x12B)
[0219/191806.384:ERROR:process_memory_win.cc(73)] ReadMemory at 0x186d43c2a60 of 898 bytes failed: Only part of a ReadProcessMemory or WriteProcessMemory request was completed. (0x12B)
[0219/191806.384:ERROR:process_memory_win.cc(73)] ReadMemory at 0x186d43c2de4 of 118 bytes failed: Only part of a ReadProcessMemory or WriteProcessMemory request was completed. (0x12B)
[0219/191806.384:ERROR:process_memory_win.cc(73)] ReadMemory at 0x186d43c2e5c of 98 bytes failed: Only part of a ReadProcessMemory or WriteProcessMemory request was completed. (0x12B)
[0219/191806.384:ERROR:process_memory_win.cc(73)] ReadMemory at 0x186d43c2ed0 of 58 bytes failed: Only part of a ReadProcessMemory or WriteProcessMemory request was completed. (0x12B)
[0219/191806.384:ERROR:process_memory_win.cc(73)] ReadMemory at 0x186d43c2fd0 of 132 bytes failed: Only part of a ReadProcessMemory or WriteProcessMemory request was completed. (0x12B)
[0219/191806.384:ERROR:process_memory_win.cc(73)] ReadMemory at 0x186d43c3160 of 132 bytes failed: Only part of a ReadProcessMemory or WriteProcessMemory request was completed. (0x12B)
[0219/191806.385:ERROR:process_memory_win.cc(73)] ReadMemory at 0x186d43c3320 of 126 bytes failed: Only part of a ReadProcessMemory or WriteProcessMemory request was completed. (0x12B)
[0219/191806.385:ERROR:process_memory_win.cc(73)] ReadMemory at 0x186d43c3700 of 132 bytes failed: Only part of a ReadProcessMemory or WriteProcessMemory request was completed. (0x12B)
[0219/191806.385:ERROR:process_memory_win.cc(73)] ReadMemory at 0x186d43c3890 of 64 bytes failed: Only part of a ReadProcessMemory or WriteProcessMemory request was completed. (0x12B)
[0219/191806.385:ERROR:process_memory_win.cc(73)] ReadMemory at 0x186d43c38e0 of 132 bytes failed: Only part of a ReadProcessMemory or WriteProcessMemory request was completed. (0x12B)
[0219/191806.385:ERROR:process_memory_win.cc(73)] ReadMemory at 0x186d43c3a10 of 158 bytes failed: Only part of a ReadProcessMemory or WriteProcessMemory request was completed. (0x12B)
[0219/191806.385:ERROR:process_memory_win.cc(73)] ReadMemory at 0x186d43c3cf0 of 132 bytes failed: Only part of a ReadProcessMemory or WriteProcessMemory request was completed. (0x12B)
[0219/191806.385:ERROR:process_memory_win.cc(73)] ReadMemory at 0x186d43c3e80 of 68 bytes failed: Only part of a ReadProcessMemory or WriteProcessMemory request was completed. (0x12B)
[0219/191806.385:ERROR:process_memory_win.cc(73)] ReadMemory at 0x186d43c4da0 of 132 bytes failed: Only part of a ReadProcessMemory or WriteProcessMemory request was completed. (0x12B)
[0219/191806.385:ERROR:process_memory_win.cc(73)] ReadMemory at 0x186d43c4f10 of 132 bytes failed: Only part of a ReadProcessMemory or WriteProcessMemory request was completed. (0x12B)
[0219/191806.386:ERROR:process_memory_win.cc(73)] ReadMemory at 0x186d43c5040 of 154 bytes failed: Only part of a ReadProcessMemory or WriteProcessMemory request was completed. (0x12B)
[0219/191806.386:ERROR:process_memory_win.cc(73)] ReadMemory at 0x186d43c5e10 of 62 bytes failed: Only part of a ReadProcessMemory or WriteProcessMemory request was completed. (0x12B)
[0219/191806.386:ERROR:process_memory_win.cc(73)] ReadMemory at 0x186d43c5f70 of 132 bytes failed: Only part of a ReadProcessMemory or WriteProcessMemory request was completed. (0x12B)
[0219/191806.386:ERROR:process_memory_win.cc(73)] ReadMemory at 0x186d43c6100 of 60 bytes failed: Only part of a ReadProcessMemory or WriteProcessMemory request was completed. (0x12B)
[0219/191806.386:ERROR:process_memory_win.cc(73)] ReadMemory at 0x186d43c8220 of 132 bytes failed: Only part of a ReadProcessMemory or WriteProcessMemory request was completed. (0x12B)
[0219/191806.386:ERROR:process_memory_win.cc(73)] ReadMemory at 0x186d43c8430 of 132 bytes failed: Only part of a ReadProcessMemory or WriteProcessMemory request was completed. (0x12B)
[0219/191806.386:ERROR:process_memory_win.cc(73)] ReadMemory at 0x186d43cab60 of 132 bytes failed: Only part of a ReadProcessMemory or WriteProcessMemory request was completed. (0x12B)
[0219/191806.386:ERROR:process_memory_win.cc(73)] ReadMemory at 0x186d43cac90 of 132 bytes failed: Only part of a ReadProcessMemory or WriteProcessMemory request was completed. (0x12B)
[0219/191806.386:ERROR:process_memory_win.cc(73)] ReadMemory at 0x186d43cae20 of 80 bytes failed: Only part of a ReadProcessMemory or WriteProcessMemory request was completed. (0x12B)
[0219/191806.386:ERROR:process_memory_win.cc(73)] ReadMemory at 0x186d43cafc0 of 60 bytes failed: Only part of a ReadProcessMemory or WriteProcessMemory request was completed. (0x12B)
[0219/191806.386:ERROR:process_memory_win.cc(73)] ReadMemory at 0x186d43cb290 of 62 bytes failed: Only part of a ReadProcessMemory or WriteProcessMemory request was completed. (0x12B)
[0219/191806.387:ERROR:process_memory_win.cc(73)] ReadMemory at 0x186d43cb4c0 of 66 bytes failed: Only part of a ReadProcessMemory or WriteProcessMemory request was completed. (0x12B)
[0219/191806.387:ERROR:process_memory_win.cc(73)] ReadMemory at 0x186d43cb510 of 64 bytes failed: Only part of a ReadProcessMemory or WriteProcessMemory request was completed. (0x12B)
[0219/191806.387:ERROR:process_memory_win.cc(73)] ReadMemory at 0x186d43cb560 of 64 bytes failed: Only part of a ReadProcessMemory or WriteProcessMemory request was completed. (0x12B)
[0219/191806.387:ERROR:process_memory_win.cc(73)] ReadMemory at 0x186d43cb5b0 of 62 bytes failed: Only part of a ReadProcessMemory or WriteProcessMemory request was completed. (0x12B)
[0219/191806.387:ERROR:process_memory_win.cc(73)] ReadMemory at 0x186d43cb650 of 64 bytes failed: Only part of a ReadProcessMemory or WriteProcessMemory request was completed. (0x12B)
[0219/191806.387:ERROR:process_memory_win.cc(73)] ReadMemory at 0x186d43cb6a0 of 60 bytes failed: Only part of a ReadProcessMemory or WriteProcessMemory request was completed. (0x12B)
[0219/191806.387:ERROR:process_memory_win.cc(73)] ReadMemory at 0x186d43cb6f0 of 64 bytes failed: Only part of a ReadProcessMemory or WriteProcessMemory request was completed. (0x12B)
[0219/191806.387:ERROR:process_memory_win.cc(73)] ReadMemory at 0x186d43cc510 of 132 bytes failed: Only part of a ReadProcessMemory or WriteProcessMemory request was completed. (0x12B)
[0219/191806.387:ERROR:process_memory_win.cc(73)] ReadMemory at 0x186d43cc640 of 132 bytes failed: Only part of a ReadProcessMemory or WriteProcessMemory request was completed. (0x12B)
[0219/191806.387:ERROR:process_memory_win.cc(73)] ReadMemory at 0x186d43cc770 of 132 bytes failed: Only part of a ReadProcessMemory or WriteProcessMemory request was completed. (0x12B)
[0219/191806.388:ERROR:process_memory_win.cc(73)] ReadMemory at 0x186d43cc8a0 of 132 bytes failed: Only part of a ReadProcessMemory or WriteProcessMemory request was completed. (0x12B)
[0219/191806.388:ERROR:process_memory_win.cc(73)] ReadMemory at 0x186d43cc9d0 of 132 bytes failed: Only part of a ReadProcessMemory or WriteProcessMemory request was completed. (0x12B)
[0219/191806.388:ERROR:process_memory_win.cc(73)] ReadMemory at 0x186d43ccb00 of 132 bytes failed: Only part of a ReadProcessMemory or WriteProcessMemory request was completed. (0x12B)
[0219/191806.388:ERROR:process_memory_win.cc(73)] ReadMemory at 0x186d43ccc30 of 132 bytes failed: Only part of a ReadProcessMemory or WriteProcessMemory request was completed. (0x12B)
[0219/191806.388:ERROR:process_memory_win.cc(73)] ReadMemory at 0x186d43ccd60 of 132 bytes failed: Only part of a ReadProcessMemory or WriteProcessMemory request was completed. (0x12B)
[0219/191806.388:ERROR:process_memory_win.cc(73)] ReadMemory at 0x186d43cce90 of 132 bytes failed: Only part of a ReadProcessMemory or WriteProcessMemory request was completed. (0x12B)
[0219/191806.388:ERROR:process_memory_win.cc(73)] ReadMemory at 0x186d43ccfc0 of 132 bytes failed: Only part of a ReadProcessMemory or WriteProcessMemory request was completed. (0x12B)
[0219/191806.388:ERROR:process_memory_win.cc(73)] ReadMemory at 0x186d43cd0f0 of 132 bytes failed: Only part of a ReadProcessMemory or WriteProcessMemory request was completed. (0x12B)
[0219/191806.388:ERROR:process_memory_win.cc(73)] ReadMemory at 0x186d43cd220 of 132 bytes failed: Only part of a ReadProcessMemory or WriteProcessMemory request was completed. (0x12B)
[0219/191806.388:ERROR:process_memory_win.cc(73)] ReadMemory at 0x186d43cff20 of 132 bytes failed: Only part of a ReadProcessMemory or WriteProcessMemory request was completed. (0x12B)
[0219/191806.389:ERROR:process_memory_win.cc(73)] ReadMemory at 0x186d43d0270 of 132 bytes failed: Only part of a ReadProcessMemory or WriteProcessMemory request was completed. (0x12B)
[0219/191806.389:ERROR:process_memory_win.cc(73)] ReadMemory at 0x186d43d06c0 of 132 bytes failed: Only part of a ReadProcessMemory or WriteProcessMemory request was completed. (0x12B)
[0219/191806.389:ERROR:process_memory_win.cc(73)] ReadMemory at 0x186d43d52c0 of 54 bytes failed: Only part of a ReadProcessMemory or WriteProcessMemory request was completed. (0x12B)
[0219/191806.389:ERROR:process_memory_win.cc(73)] ReadMemory at 0x186d43d5ae0 of 132 bytes failed: Only part of a ReadProcessMemory or WriteProcessMemory request was completed. (0x12B)
[0219/191806.389:ERROR:process_memory_win.cc(73)] ReadMemory at 0x186d43d5e90 of 132 bytes failed: Only part of a ReadProcessMemory or WriteProcessMemory request was completed. (0x12B)
[0219/191806.389:ERROR:process_memory_win.cc(73)] ReadMemory at 0x186d43d6f20 of 76 bytes failed: Only part of a ReadProcessMemory or WriteProcessMemory request was completed. (0x12B)
[0219/191806.389:ERROR:process_memory_win.cc(73)] ReadMemory at 0x186d43d7120 of 60 bytes failed: Only part of a ReadProcessMemory or WriteProcessMemory request was completed. (0x12B)
[0219/191806.389:ERROR:process_memory_win.cc(73)] ReadMemory at 0x186d43d7260 of 62 bytes failed: Only part of a ReadProcessMemory or WriteProcessMemory request was completed. (0x12B)
[0219/191806.389:ERROR:process_memory_win.cc(73)] ReadMemory at 0x186d43d7350 of 62 bytes failed: Only part of a ReadProcessMemory or WriteProcessMemory request was completed. (0x12B)
[0219/191806.389:ERROR:process_memory_win.cc(73)] ReadMemory at 0x186d43d7440 of 60 bytes failed: Only part of a ReadProcessMemory or WriteProcessMemory request was completed. (0x12B)
[0219/191806.390:ERROR:process_memory_win.cc(73)] ReadMemory at 0x186d43d74e0 of 66 bytes failed: Only part of a ReadProcessMemory or WriteProcessMemory request was completed. (0x12B)
[0219/191806.390:ERROR:process_memory_win.cc(73)] ReadMemory at 0x186d43d7670 of 60 bytes failed: Only part of a ReadProcessMemory or WriteProcessMemory request was completed. (0x12B)
[0219/191806.390:ERROR:process_memory_win.cc(73)] ReadMemory at 0x186d43d76c0 of 64 bytes failed: Only part of a ReadProcessMemory or WriteProcessMemory request was completed. (0x12B)
[0219/191806.390:ERROR:process_memory_win.cc(73)] ReadMemory at 0x186d43d7800 of 64 bytes failed: Only part of a ReadProcessMemory or WriteProcessMemory request was completed. (0x12B)
[0219/191806.390:ERROR:process_memory_win.cc(73)] ReadMemory at 0x186d43d7850 of 64 bytes failed: Only part of a ReadProcessMemory or WriteProcessMemory request was completed. (0x12B)
[0219/191806.390:ERROR:process_memory_win.cc(73)] ReadMemory at 0x186d43d78a0 of 62 bytes failed: Only part of a ReadProcessMemory or WriteProcessMemory request was completed. (0x12B)
[0219/191806.390:ERROR:process_memory_win.cc(73)] ReadMemory at 0x186d43d78f0 of 62 bytes failed: Only part of a ReadProcessMemory or WriteProcessMemory request was completed. (0x12B)
[0219/191806.390:ERROR:process_memory_win.cc(73)] ReadMemory at 0x186d43d79e0 of 60 bytes failed: Only part of a ReadProcessMemory or WriteProcessMemory request was completed. (0x12B)
[0219/191806.391:ERROR:process_memory_win.cc(73)] ReadMemory at 0x186d43d7a80 of 62 bytes failed: Only part of a ReadProcessMemory or WriteProcessMemory request was completed. (0x12B)
[0219/191806.391:ERROR:process_memory_win.cc(73)] ReadMemory at 0x186d43d7b20 of 64 bytes failed: Only part of a ReadProcessMemory or WriteProcessMemory request was completed. (0x12B)
[0219/191806.391:ERROR:process_memory_win.cc(73)] ReadMemory at 0x186d43d7bc0 of 62 bytes failed: Only part of a ReadProcessMemory or WriteProcessMemory request was completed. (0x12B)
[0219/191806.391:ERROR:process_memory_win.cc(73)] ReadMemory at 0x186d43d7c10 of 58 bytes failed: Only part of a ReadProcessMemory or WriteProcessMemory request was completed. (0x12B)
[0219/191806.391:ERROR:process_memory_win.cc(73)] ReadMemory at 0x186d43d7c60 of 62 bytes failed: Only part of a ReadProcessMemory or WriteProcessMemory request was completed. (0x12B)
[0219/191806.391:ERROR:process_memory_win.cc(73)] ReadMemory at 0x186d43d7f30 of 62 bytes failed: Only part of a ReadProcessMemory or WriteProcessMemory request was completed. (0x12B)
[0219/191806.392:ERROR:process_memory_win.cc(73)] ReadMemory at 0x186d43d8b90 of 132 bytes failed: Only part of a ReadProcessMemory or WriteProcessMemory request was completed. (0x12B)
[0219/191806.392:ERROR:process_memory_win.cc(73)] ReadMemory at 0x186d43d8cc0 of 132 bytes failed: Only part of a ReadProcessMemory or WriteProcessMemory request was completed. (0x12B)
[0219/191806.392:ERROR:process_memory_win.cc(73)] ReadMemory at 0x186d43d9050 of 132 bytes failed: Only part of a ReadProcessMemory or WriteProcessMemory request was completed. (0x12B)
[0219/191806.392:ERROR:process_memory_win.cc(73)] ReadMemory at 0x186d43d9180 of 132 bytes failed: Only part of a ReadProcessMemory or WriteProcessMemory request was completed. (0x12B)
[0219/191806.392:ERROR:process_memory_win.cc(73)] ReadMemory at 0x186d43d9510 of 132 bytes failed: Only part of a ReadProcessMemory or WriteProcessMemory request was completed. (0x12B)
[0219/191806.392:ERROR:process_memory_win.cc(73)] ReadMemory at 0x186d43d9640 of 132 bytes failed: Only part of a ReadProcessMemory or WriteProcessMemory request was completed. (0x12B)
[0219/191806.392:ERROR:process_memory_win.cc(73)] ReadMemory at 0x186d43d9770 of 132 bytes failed: Only part of a ReadProcessMemory or WriteProcessMemory request was completed. (0x12B)
[0219/191806.393:ERROR:process_memory_win.cc(73)] ReadMemory at 0x186d43d9b00 of 132 bytes failed: Only part of a ReadProcessMemory or WriteProcessMemory request was completed. (0x12B)
[0219/191806.393:ERROR:process_memory_win.cc(73)] ReadMemory at 0x186d43da220 of 132 bytes failed: Only part of a ReadProcessMemory or WriteProcessMemory request was completed. (0x12B)
[0219/191806.393:ERROR:process_memory_win.cc(73)] ReadMemory at 0x186d43ed320 of 512 bytes failed: Only part of a ReadProcessMemory or WriteProcessMemory request was completed. (0x12B)
[0219/191806.393:ERROR:process_memory_win.cc(73)] ReadMemory at 0x186d43eeaa0 of 512 bytes failed: Only part of a ReadProcessMemory or WriteProcessMemory request was completed. (0x12B)
[0219/191806.394:ERROR:process_memory_win.cc(73)] ReadMemory at 0x186d45a1600 of 512 bytes failed: Only part of a ReadProcessMemory or WriteProcessMemory request was completed. (0x12B)
[0219/191806.394:ERROR:process_memory_win.cc(73)] ReadMemory at 0x186d4630000 of 384 bytes failed: Only part of a ReadProcessMemory or WriteProcessMemory request was completed. (0x12B)
[0219/191806.394:ERROR:process_memory_win.cc(73)] ReadMemory at 0x186d4666990 of 704 bytes failed: Only part of a ReadProcessMemory or WriteProcessMemory request was completed. (0x12B)
[0219/191806.394:ERROR:process_memory_win.cc(73)] ReadMemory at 0x186d4674ee0 of 512 bytes failed: Only part of a ReadProcessMemory or WriteProcessMemory request was completed. (0x12B)
[0219/191806.394:ERROR:process_memory_win.cc(73)] ReadMemory at 0x186d46914f0 of 712 bytes failed: Only part of a ReadProcessMemory or WriteProcessMemory request was completed. (0x12B)
[0219/191806.394:ERROR:process_memory_win.cc(73)] ReadMemory at 0x186d4693408 of 512 bytes failed: Only part of a ReadProcessMemory or WriteProcessMemory request was completed. (0x12B)
[0219/191806.394:ERROR:process_memory_win.cc(73)] ReadMemory at 0x186d46a56b0 of 512 bytes failed: Only part of a ReadProcessMemory or WriteProcessMemory request was completed. (0x12B)
[0219/191806.394:ERROR:process_memory_win.cc(73)] ReadMemory at 0x186d6578d88 of 512 bytes failed: Only part of a ReadProcessMemory or WriteProcessMemory request was completed. (0x12B)
[0219/191806.394:ERROR:process_memory_win.cc(73)] ReadMemory at 0x186d6579b08 of 512 bytes failed: Only part of a ReadProcessMemory or WriteProcessMemory request was completed. (0x12B)
[0219/191806.395:ERROR:process_memory_win.cc(73)] ReadMemory at 0x186d6629120 of 512 bytes failed: Only part of a ReadProcessMemory or WriteProcessMemory request was completed. (0x12B)
[0219/191806.395:ERROR:process_memory_win.cc(73)] ReadMemory at 0x186d6a33560 of 512 bytes failed: Only part of a ReadProcessMemory or WriteProcessMemory request was completed. (0x12B)
[0219/191806.395:ERROR:process_memory_win.cc(73)] ReadMemory at 0x186d6bfdc80 of 512 bytes failed: Only part of a ReadProcessMemory or WriteProcessMemory request was completed. (0x12B)
[0219/191806.395:ERROR:process_memory_win.cc(73)] ReadMemory at 0x186d6c0de10 of 512 bytes failed: Only part of a ReadProcessMemory or WriteProcessMemory request was completed. (0x12B)
[0219/191806.395:ERROR:process_memory_win.cc(73)] ReadMemory at 0x186d6c277c0 of 512 bytes failed: Only part of a ReadProcessMemory or WriteProcessMemory request was completed. (0x12B)
[0219/191806.395:ERROR:process_memory_win.cc(73)] ReadMemory at 0x186d716f040 of 512 bytes failed: Only part of a ReadProcessMemory or WriteProcessMemory request was completed. (0x12B)
[0219/191806.395:ERROR:process_memory_win.cc(73)] ReadMemory at 0x186d71d4d20 of 512 bytes failed: Only part of a ReadProcessMemory or WriteProcessMemory request was completed. (0x12B)
[0219/191806.395:ERROR:process_memory_win.cc(73)] ReadMemory at 0x3a9379140000 of 384 bytes failed: Only part of a ReadProcessMemory or WriteProcessMemory request was completed. (0x12B)
[0219/191806.396:ERROR:process_memory_win.cc(73)] ReadMemory at 0x3a9379146ea1 of 512 bytes failed: Only part of a ReadProcessMemory or WriteProcessMemory request was completed. (0x12B)
[0219/191806.396:ERROR:process_memory_win.cc(73)] ReadMemory at 0x3a9379147280 of 840 bytes failed: Only part of a ReadProcessMemory or WriteProcessMemory request was completed. (0x12B)
[0219/191806.396:ERROR:process_memory_win.cc(73)] ReadMemory at 0x3a9379152730 of 512 bytes failed: Only part of a ReadProcessMemory or WriteProcessMemory request was completed. (0x12B)
[0219/191806.396:ERROR:process_memory_win.cc(73)] ReadMemory at 0x4cb628090ec8 of 512 bytes failed: Only part of a ReadProcessMemory or WriteProcessMemory request was completed. (0x12B)
[0219/191806.396:ERROR:process_memory_win.cc(73)] ReadMemory at 0x7ff83f04ff00 of 512 bytes failed: Only part of a ReadProcessMemory or WriteProcessMemory request was completed. (0x12B)
[0219/191806.396:ERROR:process_memory_win.cc(73)] ReadMemory at 0x7ff83f09f754 of 672 bytes failed: Only part of a ReadProcessMemory or WriteProcessMemory request was completed. (0x12B)
[0219/191806.396:ERROR:process_memory_win.cc(73)] ReadMemory at 0x7ff83f09fd54 of 512 bytes failed: Only part of a ReadProcessMemory or WriteProcessMemory request was completed. (0x12B)
[0219/191806.396:ERROR:process_memory_win.cc(73)] ReadMemory at 0x7ff83f0a2fe4 of 608 bytes failed: Only part of a ReadProcessMemory or WriteProcessMemory request was completed. (0x12B)
[0219/191806.396:ERROR:process_memory_win.cc(73)] ReadMemory at 0x7ff83f12c0c8 of 18 bytes failed: Only part of a ReadProcessMemory or WriteProcessMemory request was completed. (0x12B)
[0219/191806.398:ERROR:process_memory_win.cc(73)] ReadMemory at 0x7ff83f15f4f8 of 40 bytes failed: Only part of a ReadProcessMemory or WriteProcessMemory request was completed. (0x12B)
[0219/191806.398:ERROR:process_memory_win.cc(73)] ReadMemory at 0x7ff83f15f978 of 48 bytes failed: Only part of a ReadProcessMemory or WriteProcessMemory request was completed. (0x12B)
[0219/191806.398:ERROR:process_memory_win.cc(73)] ReadMemory at 0x7ff83f1653a0 of 64 bytes failed: Only part of a ReadProcessMemory or WriteProcessMemory request was completed. (0x12B)
[0219/191806.398:ERROR:process_memory_win.cc(73)] ReadMemory at 0x7fffd4e8a952 of 512 bytes failed: Only part of a ReadProcessMemory or WriteProcessMemory request was completed. (0x12B)
[0219/191806.398:ERROR:process_memory_win.cc(73)] ReadMemory at 0x7fffd5d32c80 of 512 bytes failed: Only part of a ReadProcessMemory or WriteProcessMemory request was completed. (0x12B)
[0219/191806.399:ERROR:process_memory_win.cc(73)] ReadMemory at 0x7fffd637f0ec of 512 bytes failed: Only part of a ReadProcessMemory or WriteProcessMemory request was completed. (0x12B)
[0219/191806.399:ERROR:process_memory_win.cc(73)] ReadMemory at 0x7fffd8d52880 of 512 bytes failed: Only part of a ReadProcessMemory or WriteProcessMemory request was completed. (0x12B)
[0219/191806.399:ERROR:process_memory_win.cc(73)] ReadMemory at 0x7fffd8f8db1a of 512 bytes failed: Only part of a ReadProcessMemory or WriteProcessMemory request was completed. (0x12B)
[0219/191807.432:ERROR:scoped_process_suspend.cc(40)] NtResumeProcess: An attempt was made to access an exiting process. (0xc000010a)
